<?xml version="1.0" encoding="UTF-8"?><testsuite errors="0" failures="0" name="hacer uso de las distintas secciones y comprar informacion" skipped="0" tests="8" time="210.29" timestamp="2022-02-17 12:42:35"><testcase name="se encuentra en la pagina de inicio"/><testcase name="selecciona la opcion de servicios"/><testcase name="selecciona la opcion de industrias"/><testcase name="selecciona la opcion de Formacion"/><testcase name="selecciona la opcion de Comunidad"/><testcase name="selecciona la opcion de Empleos"/><testcase name="selecciona la opcion de Nosotros"/><testcase name="selecciona la opcion de Contactenos"/></testsuite>